#### DBGLogOpen Called /media/Infinity/dev/BasicGames/b2c/b2c.cpp[2093]
Loading var translations
  Line='# Functions'
  orig_name='#'
  Line=''
  Line='# Intrinsics (Change mangled name back to original name) '
  orig_name='#'
  Line='SPACE_str     | SPACE'
  orig_name='SPACE_str'
  new_name='SPACE'
  Line='MID_str       | MID'
  orig_name='MID_str'
  new_name='MID'
  Line='CHR_str       | CHR'
  orig_name='CHR_str'
  new_name='CHR'
  Line='RIGHT_str     | RIGHT'
  orig_name='RIGHT_str'
  new_name='RIGHT'
  Line='LEFT_str      | LEFT'
  orig_name='LEFT_str'
  new_name='LEFT'
  Line=''
  Line='# Variables'
  orig_name='#'
  Line=''
  Line='# Line numbers'
  orig_name='#'
Finished loading var translations
Translations:
  'CHR_str' --> 'CHR'
  'LEFT_str' --> 'LEFT'
  'MID_str' --> 'MID'
  'RIGHT_str' --> 'RIGHT'
  'SPACE_str' --> 'SPACE'
End Translations.
(PRINTSTMT)basiclval.stype='R$'
(PRINTSTMT)basiclval.stype='R$'
(PRINTSTMT)basiclval.stype='W'
(PRINTSTMT)basiclval.stype='R$'
(PRINTSTMT)basiclval.stype='Q$'
(PRINTSTMT)basiclval.stype='A$'
(PRINTSTMT)basiclval.stype='R$'
(PRINTSTMT)basiclval.stype='A$'
(PRINTSTMT)basiclval.stype='A$'
(PRINTSTMT)basiclval.stype='A$'
(PRINTSTMT)basiclval.stype='A$'
(PRINTSTMT)basiclval.stype='A$'
(PRINTSTMT)basiclval.stype='A$'
(PRINTSTMT)basiclval.stype='L'
(PRINTSTMT)basiclval.stype='O'
